Down                     Main menu                               
Enter                    Main menu                               
Down                     Main menu                               
Enter                    Main menu                               
Down                     Request menu                            
Down                     Request menu                            
Down                     Request menu                            
Tab                      Request menu                            
Tab                      Request menu                            
Shift-BackTab            Request menu                            
Tab                      Request menu                            
Tab                      Request menu                            
Tab                      Request menu                            
Tab                      Request menu                            
Tab                      Request menu                            
Tab                      Request menu                            
Shift-BackTab            Request menu                            
Shift-BackTab            Request menu                            
Space                    Request menu                            
Shift-BackTab            Request menu                            
Shift-BackTab            Request menu                            
Tab                      Request menu                            
Tab                      Request menu                            
Tab                      Request menu                            
Tab                      Request menu                            
Space                    Request menu                            
Space                    Request menu                            
Space                    Request menu                            
Space                    Request menu                            
Down                     Request menu                            
Down                     Request menu                            
Down                     Request menu                            
Down                     Request menu                            
Left                     Request menu                            
Left                     Request menu                            
Left                     Request menu                            
Left                     Request menu                            
Esc                      Request menu                            
n                        Main menu                               
Right                    Choosing an element to create           
Left                     Choosing an element to create           
Enter                    Choosing an element to create           
x                        Creating new collection                 
c                        Creating new collection                 
Backspace                Creating new collection                 
Backspace                Creating new collection                 
Esc                      Creating new collection                 
n                        Main menu                               
Right                    Choosing an element to create           
Enter                    Choosing an element to create           
v                        Creating new request                    
e                        Creating new request                    
i                        Creating new request                    
Backspace                Creating new request                    
r                        Creating new request                    
i                        Creating new request                    
f                        Creating new request                    
y                        Creating new request                    
Enter                    Creating new request                    
Down                     Main menu                               
Enter                    Main menu                               
Right                    Request menu                            
Right                    Request menu                            
Right                    Request menu                            
Enter                    Request menu                            
u                        Editing request header                  
Backspace                Editing request header                  
Esc                      Editing request header                  
u                        Request menu                            
l                        Editing request URL                     
o                        Editing request URL                     
c                        Editing request URL                     
a                        Editing request URL                     
Backspace                Editing request URL                     
Backspace                Editing request URL                     
Backspace                Editing request URL                     
Backspace                Editing request URL                     
h                        Editing request URL                     
t                        Editing request URL                     
t                        Editing request URL                     
p                        Editing request URL                     
:                        Editing request URL                     
/                        Editing request URL                     
/                        Editing request URL                     
l                        Editing request URL                     
o                        Editing request URL                     
c                        Editing request URL                     
a                        Editing request URL                     
l                        Editing request URL                     
g                        Editing request URL                     
Backspace                Editing request URL                     
h                        Editing request URL                     
o                        Editing request URL                     
s                        Editing request URL                     
t                        Editing request URL                     
:                        Editing request URL                     
8                        Editing request URL                     
0                        Editing request URL                     
8                        Editing request URL                     
0                        Editing request URL                     
/                        Editing request URL                     
v                        Editing request URL                     
e                        Editing request URL                     
r                        Editing request URL                     
i                        Editing request URL                     
f                        Editing request URL                     
y                        Editing request URL                     
Esc                      Editing request URL                     
Esc                      Request menu                            
Enter                    Main menu                               
u                        Request menu                            
h                        Editing request URL                     
t                        Editing request URL                     
t                        Editing request URL                     
p                        Editing request URL                     
:                        Editing request URL                     
/                        Editing request URL                     
/                        Editing request URL                     
l                        Editing request URL                     
o                        Editing request URL                     
c                        Editing request URL                     
a                        Editing request URL                     
l                        Editing request URL                     
h                        Editing request URL                     
o                        Editing request URL                     
s                        Editing request URL                     
t                        Editing request URL                     
:                        Editing request URL                     
8                        Editing request URL                     
0                        Editing request URL                     
8                        Editing request URL                     
0                        Editing request URL                     
/                        Editing request URL                     
v                        Editing request URL                     
Backspace                Editing request URL                     
v                        Editing request URL                     
e                        Editing request URL                     
r                        Editing request URL                     
i                        Editing request URL                     
f                        Editing request URL                     
y                        Editing request URL                     
/                        Editing request URL                     
g                        Editing request URL                     
e                        Editing request URL                     
n                        Editing request URL                     
Enter                    Editing request URL                     
Tab                      Request menu                            
Tab                      Request menu                            
Tab                      Request menu                            
Tab                      Request menu                            
Tab                      Request menu                            
Tab                      Request menu                            
Tab                      Request menu                            
Tab                      Request menu                            
Tab                      Request menu                            
Tab                      Request menu                            
Shift-BackTab            Request menu                            
Shift-BackTab            Request menu                            
Shift-BackTab            Request menu                            
Space                    Request menu                            
Shift-BackTab            Request menu                            
Esc                      Request menu                            
Down                     Main menu                               
Up                       Main menu                               
Enter                    Main menu                               
Down                     Request menu                            
Down                     Request menu                            
Right                    Request menu                            
Space                    Request menu                            
Shift-BackTab            Request menu                            
Shift-BackTab            Request menu                            
Down                     Request menu                            
Down                     Request menu                            
Up                       Request menu                            
Up                       Request menu                            
Up                       Request menu                            
Up                       Request menu                            
Up                       Request menu                            
Down                     Request menu                            
Down                     Request menu                            
Esc                      Request menu                            
Down                     Main menu                               
Enter                    Main menu                               
Right                    Request menu                            
Right                    Request menu                            
Down                     Request menu                            
Down                     Request menu                            
Down                     Request menu                            
Down                     Request menu                            
Enter                    Request menu                            
Esc                      Editing request header                  
Ctrl-h                   Request menu                            
q                        Request menu                            
Esc                      Request menu                            
s                        Request menu                            
Esc                      Editing request settings                
Ctrl-h                   Request menu                            
Esc                      Request menu                            
Enter                    Request menu                            
Enter                    Editing request header                  
Shift-BackTab            Request menu                            
Shift-BackTab            Request menu                            
Shift-BackTab            Request menu                            
Shift-BackTab            Request menu                            
Space                    Request menu                            
Tab                      Request menu                            
Tab                      Request menu                            
Tab                      Request menu                            
Tab                      Request menu                            
Tab                      Request menu                            
Tab                      Request menu                            
Tab                      Request menu                            
Tab                      Request menu                            
Tab                      Request menu                            
Shift-BackTab            Request menu                            
Esc                      Request menu                            
Up                       Main menu                               
Enter                    Main menu                               
Tab                      Request menu                            
Tab                      Request menu                            
Down                     Request menu                            
Down                     Request menu                            
Enter                    Request menu                            
Down                     Editing request body (Text)             
Up                       Editing request body (Text)             
Up                       Editing request body (Text)             
Up                       Editing request body (Text)             
Right                    Editing request body (Text)             
Right                    Editing request body (Text)             
Right                    Editing request body (Text)             
Right                    Editing request body (Text)             
Right                    Editing request body (Text)             
Right                    Editing request body (Text)             
Right                    Editing request body (Text)             
Right                    Editing request body (Text)             
Right                    Editing request body (Text)             
Right                    Editing request body (Text)             
Right                    Editing request body (Text)             
Right                    Editing request body (Text)             
Right                    Editing request body (Text)             
Backspace                Editing request body (Text)             
Backspace                Editing request body (Text)             
Backspace                Editing request body (Text)             
Backspace                Editing request body (Text)             
Backspace                Editing request body (Text)             
Backspace                Editing request body (Text)             
2                        Editing request body (Text)             
1                        Editing request body (Text)             
0                        Editing request body (Text)             
7                        Editing request body (Text)             
1                        Editing request body (Text)             
8                        Editing request body (Text)             
Right                    Editing request body (Text)             
Ctrl-s                   Editing request body (Text)             
Space                    Request menu                            
Right                    Request menu                            
Shift-BackTab            Request menu                            
Shift-BackTab            Request menu                            
Shift-BackTab            Request menu                            
Shift-BackTab            Request menu                            
Tab                      Request menu                            
Tab                      Request menu                            
Tab                      Request menu                            
Tab                      Request menu                            
Tab                      Request menu                            
Shift-BackTab            Request menu                            
Tab                      Request menu                            
Tab                      Request menu                            
Tab                      Request menu                            
Tab                      Request menu                            
Tab                      Request menu                            
Esc                      Request menu                            
Down                     Main menu                               
Enter                    Main menu                               
Left                     Request menu                            
Space                    Request menu                            
Esc                      Request menu                            
q                        Main menu                               
